Copyright 1986-2018 Xilinx, Inc. All Rights Reserved.
----------------------------------------------------------------------------------------
| Tool Version : Vivado v.2018.2 (win64) Build 2258646 Thu Jun 14 20:03:12 MDT 2018
| Date         : Fri Apr  8 21:22:22 2022
| Host         : DESKTOP-LGI8I86 running 64-bit major release  (build 9200)
| Command      : report_control_sets -verbose -file Top_Student_control_sets_placed.rpt
| Design       : Top_Student
| Device       : xc7a35t
----------------------------------------------------------------------------------------

Control Set Information

Table of Contents
-----------------
1. Summary
2. Histogram
3. Flip-Flop Distribution
4. Detailed Control Set Information

1. Summary
----------

+----------------------------------------------------------+-------+
|                          Status                          | Count |
+----------------------------------------------------------+-------+
| Number of unique control sets                            |    24 |
| Unused register locations in slices containing registers |    48 |
+----------------------------------------------------------+-------+


2. Histogram
------------

+--------+--------------+
| Fanout | Control Sets |
+--------+--------------+
|      2 |            1 |
|      4 |            3 |
|      8 |            2 |
|     10 |            1 |
|     12 |            1 |
|    16+ |           16 |
+--------+--------------+


3. Flip-Flop Distribution
-------------------------

+--------------+-----------------------+------------------------+-----------------+--------------+
| Clock Enable | Synchronous Set/Reset | Asynchronous Set/Reset | Total Registers | Total Slices |
+--------------+-----------------------+------------------------+-----------------+--------------+
| No           | No                    | No                     |              82 |           23 |
| No           | No                    | Yes                    |               0 |            0 |
| No           | Yes                   | No                     |             466 |           63 |
| Yes          | No                    | No                     |             196 |           35 |
| Yes          | No                    | Yes                    |               0 |            0 |
| Yes          | Yes                   | No                     |              88 |           20 |
+--------------+-----------------------+------------------------+-----------------+--------------+


4. Detailed Control Set Information
-----------------------------------

+-------------------------------------------------------+-------------------------------+----------------------------------------+------------------+----------------+
|                      Clock Signal                     |         Enable Signal         |            Set/Reset Signal            | Slice Load Count | Bel Load Count |
+-------------------------------------------------------+-------------------------------+----------------------------------------+------------------+----------------+
| ~clk_6_25Mhz_BUFG                                     |                               |                                        |                1 |              2 |
|  clock_4/Q_reg                                        |                               |                                        |                1 |              4 |
|  topstudenWrapper/freq_10hz/CLK                       |                               |                                        |                1 |              4 |
|  clk_6_25Mhz_BUFG                                     |                               |                                        |                2 |              4 |
|  topstudenWrapper/bcdWrapper/ONE_DIGIT_reg[3]_i_2_n_0 |                               |                                        |                1 |              8 |
|  J_MIC3_Pin1_OBUF_BUFG                                | c[3]_i_2_n_0                  | c                                      |                2 |              8 |
|  basys_clock_IBUF_BUFG                                |                               |                                        |                5 |             10 |
|  J_MIC3_Pin1_OBUF_BUFG                                | current_peak                  |                                        |                5 |             12 |
|  J_MIC3_Pin1_OBUF_BUFG                                | a                             |                                        |                4 |             16 |
| ~audio_capture/J_MIC3_Pin4_OBUF                       |                               |                                        |                5 |             24 |
|  basys_clock_IBUF_BUFG                                |                               | J_MIC3_Pin1_OBUF_BUFG                  |                3 |             24 |
|  J_MIC3_Pin1_OBUF_BUFG                                |                               |                                        |                7 |             26 |
|  basys_clock_IBUF_BUFG                                | oled_data_B[15]_i_2_n_0       | oled_data_B[15]_i_1_n_0                |               10 |             32 |
| ~clk_6_25Mhz_BUFG                                     |                               | oled_display/frame_counter[16]_i_1_n_0 |                5 |             34 |
| ~clk_6_25Mhz_BUFG                                     | oled_display/delay[0]_i_1_n_0 |                                        |                5 |             40 |
|  J_MIC3_Pin1_OBUF_BUFG                                | audio_capture/E[0]            | current_peak                           |                8 |             48 |
|  J_MIC3_Pin1_OBUF_BUFG                                |                               | countering[31]_i_1_n_0                 |                8 |             62 |
|  J_MIC3_Pin1_OBUF_BUFG                                | timer                         |                                        |                8 |             64 |
|  basys_clock_IBUF_BUFG                                |                               | clock_3/count[0]_i_1__1_n_0            |                8 |             64 |
|  basys_clock_IBUF_BUFG                                |                               | clock_4/count[0]_i_1__2_n_0            |                8 |             64 |
|  basys_clock_IBUF_BUFG                                |                               | topstudenWrapper/freq_10hz/clear       |                8 |             64 |
|  basys_clock_IBUF_BUFG                                |                               | clock_1/count[0]_i_1__0_n_0            |                8 |             64 |
| ~clk_6_25Mhz_BUFG                                     | oled_display/state            |                                        |               13 |             64 |
| ~clk_6_25Mhz_BUFG                                     |                               | oled_display/spi_word[39]_i_1_n_0      |               15 |             90 |
+-------------------------------------------------------+-------------------------------+----------------------------------------+------------------+----------------+


