#-----------------------------------------------------------
# Vivado v2018.2 (64-bit)
# SW Build 2258646 on Thu Jun 14 20:03:12 MDT 2018
# IP Build 2256618 on Thu Jun 14 22:10:49 MDT 2018
# Start of session at: Wed Apr  6 10:33:13 2022
# Process ID: 25012
# Current directory: C:/Users/denni/Desktop/EE2026 Project/EE2026 Dennis Improvement and Basic Features
# Command line: vivado.exe -gui_launcher_event rodinguilauncherevent22500 C:\Users\denni\Desktop\EE2026 Project\EE2026 Dennis Improvement and Basic Features\SoundDisplay.xpr
# Log file: C:/Users/denni/Desktop/EE2026 Project/EE2026 Dennis Improvement and Basic Features/vivado.log
# Journal file: C:/Users/denni/Desktop/EE2026 Project/EE2026 Dennis Improvement and Basic Features\vivado.jou
#-----------------------------------------------------------
start_gui
open_project {C:/Users/denni/Desktop/EE2026 Project/EE2026 Dennis Improvement and Basic Features/SoundDisplay.xpr}
INFO: [ProjectBase 1-489] The host OS only allows 260 characters in a normal path. The project is stored in a path with more than 80 characters. If you experience issues with IP, Block Designs, or files not being found, please consider moving the project to a location with a shorter path. Alternately consider using the OS subst command to map part of the path to a drive letter.
Current project path is 'C:/Users/denni/Desktop/EE2026 Project/EE2026 Dennis Improvement and Basic Features'
CRITICAL WARNING: [Project 1-19] Could not find the file 'C:/Users/denni/Desktop/EE2026 Project/EE2026 Digital Design/EE2026 Labs/LAB Project/7_Segment_Display_Controller/7_Segment_Display_Controller.srcs/sources_1/new/BCD_control.v'.
CRITICAL WARNING: [Project 1-19] Could not find the file 'C:/Users/denni/Desktop/EE2026 Project/EE2026 Digital Design/EE2026 Labs/LAB Project/7_Segment_Display_Controller/7_Segment_Display_Controller.srcs/sources_1/new/BCD_to_Cathodez.v'.
CRITICAL WARNING: [Project 1-19] Could not find the file 'C:/Users/denni/Desktop/EE2026 Project/EE2026 Digital Design/EE2026 Labs/LAB Project/7_Segment_Display_Controller/7_Segment_Display_Controller.srcs/sources_1/new/anode_control.v'.
CRITICAL WARNING: [Project 1-19] Could not find the file 'C:/Users/denni/Desktop/EE2026 Project/EE2026 Digital Design/EE2026 Labs/LAB Project/7_Segment_Display_Controller/7_Segment_Display_Controller.srcs/sources_1/new/clock_divider.v'.
CRITICAL WARNING: [Project 1-19] Could not find the file 'C:/Users/denni/Desktop/EE2026 Project/EE2026 Digital Design/EE2026 Labs/LAB Project/7_Segment_Display_Controller/7_Segment_Display_Controller.srcs/sources_1/new/refreshcounter.v'.
CRITICAL WARNING: [Project 1-19] Could not find the file 'C:/Users/denni/Desktop/EE2026 Project/EE2026 Digital Design/EE2026 Labs/LAB Project/7_Segment_Display_Controller/7_Segment_Display_Controller.srcs/sources_1/new/top_student.v'.
Scanning sources...
Finished scanning sources
INFO: [IP_Flow 19-234] Refreshing IP repositories
INFO: [IP_Flow 19-1704] No user IP repositories specified
INFO: [IP_Flow 19-2313] Loaded Vivado IP repository 'C:/Users/denni/Vivado/2018.2/data/ip'.
update_compile_order -fileset sources_1
update_compile_order -fileset sources_1
reset_run synth_1
launch_runs impl_1 -to_step write_bitstream -jobs 4
[Wed Apr  6 10:34:36 2022] Launched synth_1...
Run output will be captured here: C:/Users/denni/Desktop/EE2026 Project/EE2026 Dennis Improvement and Basic Features/SoundDisplay.runs/synth_1/runme.log
[Wed Apr  6 10:34:36 2022] Launched impl_1...
Run output will be captured here: C:/Users/denni/Desktop/EE2026 Project/EE2026 Dennis Improvement and Basic Features/SoundDisplay.runs/impl_1/runme.log
update_compile_order -fileset sources_1
reset_run synth_1
launch_runs impl_1 -to_step write_bitstream -jobs 4
[Wed Apr  6 10:39:37 2022] Launched synth_1...
Run output will be captured here: C:/Users/denni/Desktop/EE2026 Project/EE2026 Dennis Improvement and Basic Features/SoundDisplay.runs/synth_1/runme.log
[Wed Apr  6 10:39:37 2022] Launched impl_1...
Run output will be captured here: C:/Users/denni/Desktop/EE2026 Project/EE2026 Dennis Improvement and Basic Features/SoundDisplay.runs/impl_1/runme.log
open_hw
connect_hw_server
INFO: [Labtools 27-2285] Connecting to hw_server url TCP:localhost:3121
INFO: [Labtools 27-2222] Launching hw_server...
INFO: [Labtools 27-2221] Launch Output:

****** Xilinx hw_server v2018.2
  **** Build date : Jun 14 2018-20:42:52
    ** Copyright 1986-2018 Xilinx, Inc. All Rights Reserved.


open_hw_target
INFO: [Labtoolstcl 44-466] Opening hw_target localhost:3121/xilinx_tcf/Digilent/210183AA0CB3A
set_property PROGRAM.FILE {C:/Users/denni/Desktop/EE2026 Project/EE2026 Dennis Improvement and Basic Features/SoundDisplay.runs/impl_1/Top_Student.bit} [get_hw_devices xc7a35t_0]
current_hw_device [get_hw_devices xc7a35t_0]
refresh_hw_device -update_hw_probes false [lindex [get_hw_devices xc7a35t_0] 0]
INFO: [Labtools 27-1434] Device xc7a35t (JTAG device index = 0) is programmed with a design that has no supported debug core(s) in it.
WARNING: [Labtools 27-3361] The debug hub core was not detected.
Resolution: 
1. Make sure the clock connected to the debug hub (dbg_hub) core is a free running clock and is active.
2. Make sure the BSCAN_SWITCH_USER_MASK device property in Vivado Hardware Manager reflects the user scan chain setting in the design and refresh the device.  To determine the user scan chain setting in the design, open the implemented design and use 'get_property C_USER_SCAN_CHAIN [get_debug_cores dbg_hub]'.
For more details on setting the scan chain property, consult the Vivado Debug and Programming User Guide (UG908).
set_property PROBES.FILE {} [get_hw_devices xc7a35t_0]
set_property FULL_PROBES.FILE {} [get_hw_devices xc7a35t_0]
set_property PROGRAM.FILE {C:/Users/denni/Desktop/EE2026 Project/EE2026 Dennis Improvement and Basic Features/SoundDisplay.runs/impl_1/Top_Student.bit} [get_hw_devices xc7a35t_0]
program_hw_devices [get_hw_devices xc7a35t_0]
INFO: [Labtools 27-3164] End of startup status: HIGH
refresh_hw_device [lindex [get_hw_devices xc7a35t_0] 0]
INFO: [Labtools 27-1434] Device xc7a35t (JTAG device index = 0) is programmed with a design that has no supported debug core(s) in it.
WARNING: [Labtools 27-3361] The debug hub core was not detected.
Resolution: 
1. Make sure the clock connected to the debug hub (dbg_hub) core is a free running clock and is active.
2. Make sure the BSCAN_SWITCH_USER_MASK device property in Vivado Hardware Manager reflects the user scan chain setting in the design and refresh the device.  To determine the user scan chain setting in the design, open the implemented design and use 'get_property C_USER_SCAN_CHAIN [get_debug_cores dbg_hub]'.
For more details on setting the scan chain property, consult the Vivado Debug and Programming User Guide (UG908).
reset_run synth_1
launch_runs impl_1 -to_step write_bitstream -jobs 4
[Wed Apr  6 10:58:14 2022] Launched synth_1...
Run output will be captured here: C:/Users/denni/Desktop/EE2026 Project/EE2026 Dennis Improvement and Basic Features/SoundDisplay.runs/synth_1/runme.log
[Wed Apr  6 10:58:14 2022] Launched impl_1...
Run output will be captured here: C:/Users/denni/Desktop/EE2026 Project/EE2026 Dennis Improvement and Basic Features/SoundDisplay.runs/impl_1/runme.log
close_hw
open_hw
connect_hw_server
INFO: [Labtools 27-2285] Connecting to hw_server url TCP:localhost:3121
INFO: [Labtools 27-2222] Launching hw_server...
INFO: [Labtools 27-2221] Launch Output:

****** Xilinx hw_server v2018.2
  **** Build date : Jun 14 2018-20:42:52
    ** Copyright 1986-2018 Xilinx, Inc. All Rights Reserved.


open_hw_target
INFO: [Labtoolstcl 44-466] Opening hw_target localhost:3121/xilinx_tcf/Digilent/210183AA0CB3A
set_property PROGRAM.FILE {C:/Users/denni/Desktop/EE2026 Project/EE2026 Dennis Improvement and Basic Features/SoundDisplay.runs/impl_1/Top_Student.bit} [get_hw_devices xc7a35t_0]
current_hw_device [get_hw_devices xc7a35t_0]
refresh_hw_device -update_hw_probes false [lindex [get_hw_devices xc7a35t_0] 0]
INFO: [Labtools 27-1434] Device xc7a35t (JTAG device index = 0) is programmed with a design that has no supported debug core(s) in it.
WARNING: [Labtools 27-3361] The debug hub core was not detected.
Resolution: 
1. Make sure the clock connected to the debug hub (dbg_hub) core is a free running clock and is active.
2. Make sure the BSCAN_SWITCH_USER_MASK device property in Vivado Hardware Manager reflects the user scan chain setting in the design and refresh the device.  To determine the user scan chain setting in the design, open the implemented design and use 'get_property C_USER_SCAN_CHAIN [get_debug_cores dbg_hub]'.
For more details on setting the scan chain property, consult the Vivado Debug and Programming User Guide (UG908).
set_property PROBES.FILE {} [get_hw_devices xc7a35t_0]
set_property FULL_PROBES.FILE {} [get_hw_devices xc7a35t_0]
set_property PROGRAM.FILE {C:/Users/denni/Desktop/EE2026 Project/EE2026 Dennis Improvement and Basic Features/SoundDisplay.runs/impl_1/Top_Student.bit} [get_hw_devices xc7a35t_0]
program_hw_devices [get_hw_devices xc7a35t_0]
INFO: [Labtools 27-3164] End of startup status: HIGH
refresh_hw_device [lindex [get_hw_devices xc7a35t_0] 0]
INFO: [Labtools 27-1434] Device xc7a35t (JTAG device index = 0) is programmed with a design that has no supported debug core(s) in it.
WARNING: [Labtools 27-3361] The debug hub core was not detected.
Resolution: 
1. Make sure the clock connected to the debug hub (dbg_hub) core is a free running clock and is active.
2. Make sure the BSCAN_SWITCH_USER_MASK device property in Vivado Hardware Manager reflects the user scan chain setting in the design and refresh the device.  To determine the user scan chain setting in the design, open the implemented design and use 'get_property C_USER_SCAN_CHAIN [get_debug_cores dbg_hub]'.
For more details on setting the scan chain property, consult the Vivado Debug and Programming User Guide (UG908).
close_hw
reset_run synth_1
launch_runs impl_1 -to_step write_bitstream -jobs 4
[Wed Apr  6 11:16:54 2022] Launched synth_1...
Run output will be captured here: C:/Users/denni/Desktop/EE2026 Project/EE2026 Dennis Improvement and Basic Features/SoundDisplay.runs/synth_1/runme.log
[Wed Apr  6 11:16:54 2022] Launched impl_1...
Run output will be captured here: C:/Users/denni/Desktop/EE2026 Project/EE2026 Dennis Improvement and Basic Features/SoundDisplay.runs/impl_1/runme.log
reset_run synth_1
launch_runs impl_1 -to_step write_bitstream -jobs 4
[Wed Apr  6 11:17:39 2022] Launched synth_1...
Run output will be captured here: C:/Users/denni/Desktop/EE2026 Project/EE2026 Dennis Improvement and Basic Features/SoundDisplay.runs/synth_1/runme.log
[Wed Apr  6 11:17:39 2022] Launched impl_1...
Run output will be captured here: C:/Users/denni/Desktop/EE2026 Project/EE2026 Dennis Improvement and Basic Features/SoundDisplay.runs/impl_1/runme.log
open_hw
connect_hw_server
INFO: [Labtools 27-2285] Connecting to hw_server url TCP:localhost:3121
INFO: [Labtools 27-2222] Launching hw_server...
INFO: [Labtools 27-2221] Launch Output:

****** Xilinx hw_server v2018.2
  **** Build date : Jun 14 2018-20:42:52
    ** Copyright 1986-2018 Xilinx, Inc. All Rights Reserved.


open_hw_target
INFO: [Labtoolstcl 44-466] Opening hw_target localhost:3121/xilinx_tcf/Digilent/210183AA0CB3A
set_property PROGRAM.FILE {C:/Users/denni/Desktop/EE2026 Project/EE2026 Dennis Improvement and Basic Features/SoundDisplay.runs/impl_1/Top_Student.bit} [get_hw_devices xc7a35t_0]
current_hw_device [get_hw_devices xc7a35t_0]
refresh_hw_device -update_hw_probes false [lindex [get_hw_devices xc7a35t_0] 0]
INFO: [Labtools 27-1434] Device xc7a35t (JTAG device index = 0) is programmed with a design that has no supported debug core(s) in it.
WARNING: [Labtools 27-3361] The debug hub core was not detected.
Resolution: 
1. Make sure the clock connected to the debug hub (dbg_hub) core is a free running clock and is active.
2. Make sure the BSCAN_SWITCH_USER_MASK device property in Vivado Hardware Manager reflects the user scan chain setting in the design and refresh the device.  To determine the user scan chain setting in the design, open the implemented design and use 'get_property C_USER_SCAN_CHAIN [get_debug_cores dbg_hub]'.
For more details on setting the scan chain property, consult the Vivado Debug and Programming User Guide (UG908).
set_property PROBES.FILE {} [get_hw_devices xc7a35t_0]
set_property FULL_PROBES.FILE {} [get_hw_devices xc7a35t_0]
set_property PROGRAM.FILE {C:/Users/denni/Desktop/EE2026 Project/EE2026 Dennis Improvement and Basic Features/SoundDisplay.runs/impl_1/Top_Student.bit} [get_hw_devices xc7a35t_0]
program_hw_devices [get_hw_devices xc7a35t_0]
INFO: [Labtools 27-3164] End of startup status: HIGH
refresh_hw_device [lindex [get_hw_devices xc7a35t_0] 0]
INFO: [Labtools 27-1434] Device xc7a35t (JTAG device index = 0) is programmed with a design that has no supported debug core(s) in it.
WARNING: [Labtools 27-3361] The debug hub core was not detected.
Resolution: 
1. Make sure the clock connected to the debug hub (dbg_hub) core is a free running clock and is active.
2. Make sure the BSCAN_SWITCH_USER_MASK device property in Vivado Hardware Manager reflects the user scan chain setting in the design and refresh the device.  To determine the user scan chain setting in the design, open the implemented design and use 'get_property C_USER_SCAN_CHAIN [get_debug_cores dbg_hub]'.
For more details on setting the scan chain property, consult the Vivado Debug and Programming User Guide (UG908).
close_hw
reset_run synth_1
launch_runs impl_1 -to_step write_bitstream -jobs 4
[Wed Apr  6 11:25:53 2022] Launched synth_1...
Run output will be captured here: C:/Users/denni/Desktop/EE2026 Project/EE2026 Dennis Improvement and Basic Features/SoundDisplay.runs/synth_1/runme.log
[Wed Apr  6 11:25:53 2022] Launched impl_1...
Run output will be captured here: C:/Users/denni/Desktop/EE2026 Project/EE2026 Dennis Improvement and Basic Features/SoundDisplay.runs/impl_1/runme.log
reset_run synth_1
launch_runs impl_1 -to_step write_bitstream -jobs 4
[Wed Apr  6 11:26:19 2022] Launched synth_1...
Run output will be captured here: C:/Users/denni/Desktop/EE2026 Project/EE2026 Dennis Improvement and Basic Features/SoundDisplay.runs/synth_1/runme.log
[Wed Apr  6 11:26:19 2022] Launched impl_1...
Run output will be captured here: C:/Users/denni/Desktop/EE2026 Project/EE2026 Dennis Improvement and Basic Features/SoundDisplay.runs/impl_1/runme.log
open_hw
connect_hw_server
INFO: [Labtools 27-2285] Connecting to hw_server url TCP:localhost:3121
INFO: [Labtools 27-2222] Launching hw_server...
INFO: [Labtools 27-2221] Launch Output:

****** Xilinx hw_server v2018.2
  **** Build date : Jun 14 2018-20:42:52
    ** Copyright 1986-2018 Xilinx, Inc. All Rights Reserved.


open_hw_target
INFO: [Labtoolstcl 44-466] Opening hw_target localhost:3121/xilinx_tcf/Digilent/210183AA0CB3A
set_property PROGRAM.FILE {C:/Users/denni/Desktop/EE2026 Project/EE2026 Dennis Improvement and Basic Features/SoundDisplay.runs/impl_1/Top_Student.bit} [get_hw_devices xc7a35t_0]
current_hw_device [get_hw_devices xc7a35t_0]
refresh_hw_device -update_hw_probes false [lindex [get_hw_devices xc7a35t_0] 0]
INFO: [Labtools 27-1434] Device xc7a35t (JTAG device index = 0) is programmed with a design that has no supported debug core(s) in it.
WARNING: [Labtools 27-3361] The debug hub core was not detected.
Resolution: 
1. Make sure the clock connected to the debug hub (dbg_hub) core is a free running clock and is active.
2. Make sure the BSCAN_SWITCH_USER_MASK device property in Vivado Hardware Manager reflects the user scan chain setting in the design and refresh the device.  To determine the user scan chain setting in the design, open the implemented design and use 'get_property C_USER_SCAN_CHAIN [get_debug_cores dbg_hub]'.
For more details on setting the scan chain property, consult the Vivado Debug and Programming User Guide (UG908).
set_property PROBES.FILE {} [get_hw_devices xc7a35t_0]
set_property FULL_PROBES.FILE {} [get_hw_devices xc7a35t_0]
set_property PROGRAM.FILE {C:/Users/denni/Desktop/EE2026 Project/EE2026 Dennis Improvement and Basic Features/SoundDisplay.runs/impl_1/Top_Student.bit} [get_hw_devices xc7a35t_0]
program_hw_devices [get_hw_devices xc7a35t_0]
INFO: [Labtools 27-3164] End of startup status: HIGH
refresh_hw_device [lindex [get_hw_devices xc7a35t_0] 0]
INFO: [Labtools 27-1434] Device xc7a35t (JTAG device index = 0) is programmed with a design that has no supported debug core(s) in it.
WARNING: [Labtools 27-3361] The debug hub core was not detected.
Resolution: 
1. Make sure the clock connected to the debug hub (dbg_hub) core is a free running clock and is active.
2. Make sure the BSCAN_SWITCH_USER_MASK device property in Vivado Hardware Manager reflects the user scan chain setting in the design and refresh the device.  To determine the user scan chain setting in the design, open the implemented design and use 'get_property C_USER_SCAN_CHAIN [get_debug_cores dbg_hub]'.
For more details on setting the scan chain property, consult the Vivado Debug and Programming User Guide (UG908).
set_property PROBES.FILE {} [get_hw_devices xc7a35t_0]
set_property FULL_PROBES.FILE {} [get_hw_devices xc7a35t_0]
set_property PROGRAM.FILE {C:/Users/denni/Desktop/EE2026 Project/EE2026 Dennis Improvement and Basic Features/SoundDisplay.runs/impl_1/Top_Student.bit} [get_hw_devices xc7a35t_0]
program_hw_devices [get_hw_devices xc7a35t_0]
INFO: [Labtools 27-3164] End of startup status: HIGH
refresh_hw_device [lindex [get_hw_devices xc7a35t_0] 0]
INFO: [Labtools 27-1434] Device xc7a35t (JTAG device index = 0) is programmed with a design that has no supported debug core(s) in it.
WARNING: [Labtools 27-3361] The debug hub core was not detected.
Resolution: 
1. Make sure the clock connected to the debug hub (dbg_hub) core is a free running clock and is active.
2. Make sure the BSCAN_SWITCH_USER_MASK device property in Vivado Hardware Manager reflects the user scan chain setting in the design and refresh the device.  To determine the user scan chain setting in the design, open the implemented design and use 'get_property C_USER_SCAN_CHAIN [get_debug_cores dbg_hub]'.
For more details on setting the scan chain property, consult the Vivado Debug and Programming User Guide (UG908).
reset_run synth_1
launch_runs impl_1 -to_step write_bitstream -jobs 4
[Wed Apr  6 11:35:33 2022] Launched synth_1...
Run output will be captured here: C:/Users/denni/Desktop/EE2026 Project/EE2026 Dennis Improvement and Basic Features/SoundDisplay.runs/synth_1/runme.log
[Wed Apr  6 11:35:33 2022] Launched impl_1...
Run output will be captured here: C:/Users/denni/Desktop/EE2026 Project/EE2026 Dennis Improvement and Basic Features/SoundDisplay.runs/impl_1/runme.log
reset_run synth_1
launch_runs impl_1 -to_step write_bitstream -jobs 4
[Wed Apr  6 11:38:15 2022] Launched synth_1...
Run output will be captured here: C:/Users/denni/Desktop/EE2026 Project/EE2026 Dennis Improvement and Basic Features/SoundDisplay.runs/synth_1/runme.log
[Wed Apr  6 11:38:15 2022] Launched impl_1...
Run output will be captured here: C:/Users/denni/Desktop/EE2026 Project/EE2026 Dennis Improvement and Basic Features/SoundDisplay.runs/impl_1/runme.log
close_hw
open_hw
connect_hw_server
INFO: [Labtools 27-2285] Connecting to hw_server url TCP:localhost:3121
INFO: [Labtools 27-2222] Launching hw_server...
INFO: [Labtools 27-2221] Launch Output:

****** Xilinx hw_server v2018.2
  **** Build date : Jun 14 2018-20:42:52
    ** Copyright 1986-2018 Xilinx, Inc. All Rights Reserved.


open_hw_target
INFO: [Labtoolstcl 44-466] Opening hw_target localhost:3121/xilinx_tcf/Digilent/210183AA0CB3A
set_property PROGRAM.FILE {C:/Users/denni/Desktop/EE2026 Project/EE2026 Dennis Improvement and Basic Features/SoundDisplay.runs/impl_1/Top_Student.bit} [get_hw_devices xc7a35t_0]
current_hw_device [get_hw_devices xc7a35t_0]
refresh_hw_device -update_hw_probes false [lindex [get_hw_devices xc7a35t_0] 0]
INFO: [Labtools 27-1434] Device xc7a35t (JTAG device index = 0) is programmed with a design that has no supported debug core(s) in it.
WARNING: [Labtools 27-3361] The debug hub core was not detected.
Resolution: 
1. Make sure the clock connected to the debug hub (dbg_hub) core is a free running clock and is active.
2. Make sure the BSCAN_SWITCH_USER_MASK device property in Vivado Hardware Manager reflects the user scan chain setting in the design and refresh the device.  To determine the user scan chain setting in the design, open the implemented design and use 'get_property C_USER_SCAN_CHAIN [get_debug_cores dbg_hub]'.
For more details on setting the scan chain property, consult the Vivado Debug and Programming User Guide (UG908).
set_property PROBES.FILE {} [get_hw_devices xc7a35t_0]
set_property FULL_PROBES.FILE {} [get_hw_devices xc7a35t_0]
set_property PROGRAM.FILE {C:/Users/denni/Desktop/EE2026 Project/EE2026 Dennis Improvement and Basic Features/SoundDisplay.runs/impl_1/Top_Student.bit} [get_hw_devices xc7a35t_0]
program_hw_devices [get_hw_devices xc7a35t_0]
INFO: [Labtools 27-3164] End of startup status: HIGH
refresh_hw_device [lindex [get_hw_devices xc7a35t_0] 0]
INFO: [Labtools 27-1434] Device xc7a35t (JTAG device index = 0) is programmed with a design that has no supported debug core(s) in it.
WARNING: [Labtools 27-3361] The debug hub core was not detected.
Resolution: 
1. Make sure the clock connected to the debug hub (dbg_hub) core is a free running clock and is active.
2. Make sure the BSCAN_SWITCH_USER_MASK device property in Vivado Hardware Manager reflects the user scan chain setting in the design and refresh the device.  To determine the user scan chain setting in the design, open the implemented design and use 'get_property C_USER_SCAN_CHAIN [get_debug_cores dbg_hub]'.
For more details on setting the scan chain property, consult the Vivado Debug and Programming User Guide (UG908).
update_compile_order -fileset sources_1
update_compile_order -fileset sources_1
reset_run synth_1
launch_runs impl_1 -to_step write_bitstream -jobs 4
[Wed Apr  6 11:49:42 2022] Launched synth_1...
Run output will be captured here: C:/Users/denni/Desktop/EE2026 Project/EE2026 Dennis Improvement and Basic Features/SoundDisplay.runs/synth_1/runme.log
[Wed Apr  6 11:49:42 2022] Launched impl_1...
Run output will be captured here: C:/Users/denni/Desktop/EE2026 Project/EE2026 Dennis Improvement and Basic Features/SoundDisplay.runs/impl_1/runme.log
update_compile_order -fileset sources_1
close_hw
reset_run synth_1
launch_runs impl_1 -to_step write_bitstream -jobs 4
[Wed Apr  6 11:50:58 2022] Launched synth_1...
Run output will be captured here: C:/Users/denni/Desktop/EE2026 Project/EE2026 Dennis Improvement and Basic Features/SoundDisplay.runs/synth_1/runme.log
[Wed Apr  6 11:50:58 2022] Launched impl_1...
Run output will be captured here: C:/Users/denni/Desktop/EE2026 Project/EE2026 Dennis Improvement and Basic Features/SoundDisplay.runs/impl_1/runme.log
open_hw
connect_hw_server
INFO: [Labtools 27-2285] Connecting to hw_server url TCP:localhost:3121
INFO: [Labtools 27-2222] Launching hw_server...
INFO: [Labtools 27-2221] Launch Output:

****** Xilinx hw_server v2018.2
  **** Build date : Jun 14 2018-20:42:52
    ** Copyright 1986-2018 Xilinx, Inc. All Rights Reserved.


open_hw_target
INFO: [Labtoolstcl 44-466] Opening hw_target localhost:3121/xilinx_tcf/Digilent/210183AA0CB3A
set_property PROGRAM.FILE {C:/Users/denni/Desktop/EE2026 Project/EE2026 Dennis Improvement and Basic Features/SoundDisplay.runs/impl_1/Top_Student.bit} [get_hw_devices xc7a35t_0]
current_hw_device [get_hw_devices xc7a35t_0]
refresh_hw_device -update_hw_probes false [lindex [get_hw_devices xc7a35t_0] 0]
INFO: [Labtools 27-1434] Device xc7a35t (JTAG device index = 0) is programmed with a design that has no supported debug core(s) in it.
WARNING: [Labtools 27-3361] The debug hub core was not detected.
Resolution: 
1. Make sure the clock connected to the debug hub (dbg_hub) core is a free running clock and is active.
2. Make sure the BSCAN_SWITCH_USER_MASK device property in Vivado Hardware Manager reflects the user scan chain setting in the design and refresh the device.  To determine the user scan chain setting in the design, open the implemented design and use 'get_property C_USER_SCAN_CHAIN [get_debug_cores dbg_hub]'.
For more details on setting the scan chain property, consult the Vivado Debug and Programming User Guide (UG908).
set_property PROBES.FILE {} [get_hw_devices xc7a35t_0]
set_property FULL_PROBES.FILE {} [get_hw_devices xc7a35t_0]
set_property PROGRAM.FILE {C:/Users/denni/Desktop/EE2026 Project/EE2026 Dennis Improvement and Basic Features/SoundDisplay.runs/impl_1/Top_Student.bit} [get_hw_devices xc7a35t_0]
program_hw_devices [get_hw_devices xc7a35t_0]
INFO: [Labtools 27-3164] End of startup status: HIGH
refresh_hw_device [lindex [get_hw_devices xc7a35t_0] 0]
INFO: [Labtools 27-1434] Device xc7a35t (JTAG device index = 0) is programmed with a design that has no supported debug core(s) in it.
WARNING: [Labtools 27-3361] The debug hub core was not detected.
Resolution: 
1. Make sure the clock connected to the debug hub (dbg_hub) core is a free running clock and is active.
2. Make sure the BSCAN_SWITCH_USER_MASK device property in Vivado Hardware Manager reflects the user scan chain setting in the design and refresh the device.  To determine the user scan chain setting in the design, open the implemented design and use 'get_property C_USER_SCAN_CHAIN [get_debug_cores dbg_hub]'.
For more details on setting the scan chain property, consult the Vivado Debug and Programming User Guide (UG908).
close_hw
reset_run synth_1
launch_runs impl_1 -to_step write_bitstream -jobs 4
[Wed Apr  6 12:00:13 2022] Launched synth_1...
Run output will be captured here: C:/Users/denni/Desktop/EE2026 Project/EE2026 Dennis Improvement and Basic Features/SoundDisplay.runs/synth_1/runme.log
[Wed Apr  6 12:00:13 2022] Launched impl_1...
Run output will be captured here: C:/Users/denni/Desktop/EE2026 Project/EE2026 Dennis Improvement and Basic Features/SoundDisplay.runs/impl_1/runme.log
reset_run synth_1
launch_runs impl_1 -to_step write_bitstream -jobs 4
[Wed Apr  6 12:09:03 2022] Launched synth_1...
Run output will be captured here: C:/Users/denni/Desktop/EE2026 Project/EE2026 Dennis Improvement and Basic Features/SoundDisplay.runs/synth_1/runme.log
[Wed Apr  6 12:09:03 2022] Launched impl_1...
Run output will be captured here: C:/Users/denni/Desktop/EE2026 Project/EE2026 Dennis Improvement and Basic Features/SoundDisplay.runs/impl_1/runme.log
reset_run synth_1
launch_runs impl_1 -to_step write_bitstream -jobs 4
[Wed Apr  6 12:12:07 2022] Launched synth_1...
Run output will be captured here: C:/Users/denni/Desktop/EE2026 Project/EE2026 Dennis Improvement and Basic Features/SoundDisplay.runs/synth_1/runme.log
[Wed Apr  6 12:12:07 2022] Launched impl_1...
Run output will be captured here: C:/Users/denni/Desktop/EE2026 Project/EE2026 Dennis Improvement and Basic Features/SoundDisplay.runs/impl_1/runme.log
open_hw
connect_hw_server
INFO: [Labtools 27-2285] Connecting to hw_server url TCP:localhost:3121
INFO: [Labtools 27-2222] Launching hw_server...
INFO: [Labtools 27-2221] Launch Output:

****** Xilinx hw_server v2018.2
  **** Build date : Jun 14 2018-20:42:52
    ** Copyright 1986-2018 Xilinx, Inc. All Rights Reserved.


open_hw_target
INFO: [Labtoolstcl 44-466] Opening hw_target localhost:3121/xilinx_tcf/Digilent/210183AA0CB3A
set_property PROGRAM.FILE {C:/Users/denni/Desktop/EE2026 Project/EE2026 Dennis Improvement and Basic Features/SoundDisplay.runs/impl_1/Top_Student.bit} [get_hw_devices xc7a35t_0]
current_hw_device [get_hw_devices xc7a35t_0]
refresh_hw_device -update_hw_probes false [lindex [get_hw_devices xc7a35t_0] 0]
INFO: [Labtools 27-1434] Device xc7a35t (JTAG device index = 0) is programmed with a design that has no supported debug core(s) in it.
WARNING: [Labtools 27-3361] The debug hub core was not detected.
Resolution: 
1. Make sure the clock connected to the debug hub (dbg_hub) core is a free running clock and is active.
2. Make sure the BSCAN_SWITCH_USER_MASK device property in Vivado Hardware Manager reflects the user scan chain setting in the design and refresh the device.  To determine the user scan chain setting in the design, open the implemented design and use 'get_property C_USER_SCAN_CHAIN [get_debug_cores dbg_hub]'.
For more details on setting the scan chain property, consult the Vivado Debug and Programming User Guide (UG908).
set_property PROBES.FILE {} [get_hw_devices xc7a35t_0]
set_property FULL_PROBES.FILE {} [get_hw_devices xc7a35t_0]
set_property PROGRAM.FILE {C:/Users/denni/Desktop/EE2026 Project/EE2026 Dennis Improvement and Basic Features/SoundDisplay.runs/impl_1/Top_Student.bit} [get_hw_devices xc7a35t_0]
program_hw_devices [get_hw_devices xc7a35t_0]
INFO: [Labtools 27-3164] End of startup status: HIGH
refresh_hw_device [lindex [get_hw_devices xc7a35t_0] 0]
INFO: [Labtools 27-1434] Device xc7a35t (JTAG device index = 0) is programmed with a design that has no supported debug core(s) in it.
WARNING: [Labtools 27-3361] The debug hub core was not detected.
Resolution: 
1. Make sure the clock connected to the debug hub (dbg_hub) core is a free running clock and is active.
2. Make sure the BSCAN_SWITCH_USER_MASK device property in Vivado Hardware Manager reflects the user scan chain setting in the design and refresh the device.  To determine the user scan chain setting in the design, open the implemented design and use 'get_property C_USER_SCAN_CHAIN [get_debug_cores dbg_hub]'.
For more details on setting the scan chain property, consult the Vivado Debug and Programming User Guide (UG908).
close_hw
reset_run synth_1
launch_runs impl_1 -to_step write_bitstream -jobs 4
[Wed Apr  6 12:34:50 2022] Launched synth_1...
Run output will be captured here: C:/Users/denni/Desktop/EE2026 Project/EE2026 Dennis Improvement and Basic Features/SoundDisplay.runs/synth_1/runme.log
[Wed Apr  6 12:34:50 2022] Launched impl_1...
Run output will be captured here: C:/Users/denni/Desktop/EE2026 Project/EE2026 Dennis Improvement and Basic Features/SoundDisplay.runs/impl_1/runme.log
reset_run synth_1
launch_runs impl_1 -to_step write_bitstream -jobs 4
[Wed Apr  6 12:39:16 2022] Launched synth_1...
Run output will be captured here: C:/Users/denni/Desktop/EE2026 Project/EE2026 Dennis Improvement and Basic Features/SoundDisplay.runs/synth_1/runme.log
[Wed Apr  6 12:39:16 2022] Launched impl_1...
Run output will be captured here: C:/Users/denni/Desktop/EE2026 Project/EE2026 Dennis Improvement and Basic Features/SoundDisplay.runs/impl_1/runme.log
open_hw
connect_hw_server
INFO: [Labtools 27-2285] Connecting to hw_server url TCP:localhost:3121
INFO: [Labtools 27-2222] Launching hw_server...
INFO: [Labtools 27-2221] Launch Output:

****** Xilinx hw_server v2018.2
  **** Build date : Jun 14 2018-20:42:52
    ** Copyright 1986-2018 Xilinx, Inc. All Rights Reserved.


open_hw_target
INFO: [Labtoolstcl 44-466] Opening hw_target localhost:3121/xilinx_tcf/Digilent/210183AA0CB3A
set_property PROGRAM.FILE {C:/Users/denni/Desktop/EE2026 Project/EE2026 Dennis Improvement and Basic Features/SoundDisplay.runs/impl_1/Top_Student.bit} [get_hw_devices xc7a35t_0]
current_hw_device [get_hw_devices xc7a35t_0]
refresh_hw_device -update_hw_probes false [lindex [get_hw_devices xc7a35t_0] 0]
INFO: [Labtools 27-1434] Device xc7a35t (JTAG device index = 0) is programmed with a design that has no supported debug core(s) in it.
WARNING: [Labtools 27-3361] The debug hub core was not detected.
Resolution: 
1. Make sure the clock connected to the debug hub (dbg_hub) core is a free running clock and is active.
2. Make sure the BSCAN_SWITCH_USER_MASK device property in Vivado Hardware Manager reflects the user scan chain setting in the design and refresh the device.  To determine the user scan chain setting in the design, open the implemented design and use 'get_property C_USER_SCAN_CHAIN [get_debug_cores dbg_hub]'.
For more details on setting the scan chain property, consult the Vivado Debug and Programming User Guide (UG908).
set_property PROBES.FILE {} [get_hw_devices xc7a35t_0]
set_property FULL_PROBES.FILE {} [get_hw_devices xc7a35t_0]
set_property PROGRAM.FILE {C:/Users/denni/Desktop/EE2026 Project/EE2026 Dennis Improvement and Basic Features/SoundDisplay.runs/impl_1/Top_Student.bit} [get_hw_devices xc7a35t_0]
program_hw_devices [get_hw_devices xc7a35t_0]
INFO: [Labtools 27-3164] End of startup status: HIGH
refresh_hw_device [lindex [get_hw_devices xc7a35t_0] 0]
INFO: [Labtools 27-1434] Device xc7a35t (JTAG device index = 0) is programmed with a design that has no supported debug core(s) in it.
WARNING: [Labtools 27-3361] The debug hub core was not detected.
Resolution: 
1. Make sure the clock connected to the debug hub (dbg_hub) core is a free running clock and is active.
2. Make sure the BSCAN_SWITCH_USER_MASK device property in Vivado Hardware Manager reflects the user scan chain setting in the design and refresh the device.  To determine the user scan chain setting in the design, open the implemented design and use 'get_property C_USER_SCAN_CHAIN [get_debug_cores dbg_hub]'.
For more details on setting the scan chain property, consult the Vivado Debug and Programming User Guide (UG908).
close_hw
reset_run synth_1
launch_runs impl_1 -to_step write_bitstream -jobs 4
[Wed Apr  6 12:48:28 2022] Launched synth_1...
Run output will be captured here: C:/Users/denni/Desktop/EE2026 Project/EE2026 Dennis Improvement and Basic Features/SoundDisplay.runs/synth_1/runme.log
[Wed Apr  6 12:48:28 2022] Launched impl_1...
Run output will be captured here: C:/Users/denni/Desktop/EE2026 Project/EE2026 Dennis Improvement and Basic Features/SoundDisplay.runs/impl_1/runme.log
reset_run synth_1
launch_runs impl_1 -to_step write_bitstream -jobs 4
[Wed Apr  6 12:48:52 2022] Launched synth_1...
Run output will be captured here: C:/Users/denni/Desktop/EE2026 Project/EE2026 Dennis Improvement and Basic Features/SoundDisplay.runs/synth_1/runme.log
[Wed Apr  6 12:48:52 2022] Launched impl_1...
Run output will be captured here: C:/Users/denni/Desktop/EE2026 Project/EE2026 Dennis Improvement and Basic Features/SoundDisplay.runs/impl_1/runme.log
reset_run synth_1
launch_runs impl_1 -to_step write_bitstream -jobs 4
[Wed Apr  6 12:51:00 2022] Launched synth_1...
Run output will be captured here: C:/Users/denni/Desktop/EE2026 Project/EE2026 Dennis Improvement and Basic Features/SoundDisplay.runs/synth_1/runme.log
[Wed Apr  6 12:51:00 2022] Launched impl_1...
Run output will be captured here: C:/Users/denni/Desktop/EE2026 Project/EE2026 Dennis Improvement and Basic Features/SoundDisplay.runs/impl_1/runme.log
open_hw
connect_hw_server
INFO: [Labtools 27-2285] Connecting to hw_server url TCP:localhost:3121
INFO: [Labtools 27-2222] Launching hw_server...
INFO: [Labtools 27-2221] Launch Output:

****** Xilinx hw_server v2018.2
  **** Build date : Jun 14 2018-20:42:52
    ** Copyright 1986-2018 Xilinx, Inc. All Rights Reserved.


open_hw_target
INFO: [Labtoolstcl 44-466] Opening hw_target localhost:3121/xilinx_tcf/Digilent/210183AA0CB3A
set_property PROGRAM.FILE {C:/Users/denni/Desktop/EE2026 Project/EE2026 Dennis Improvement and Basic Features/SoundDisplay.runs/impl_1/Top_Student.bit} [get_hw_devices xc7a35t_0]
current_hw_device [get_hw_devices xc7a35t_0]
refresh_hw_device -update_hw_probes false [lindex [get_hw_devices xc7a35t_0] 0]
INFO: [Labtools 27-1434] Device xc7a35t (JTAG device index = 0) is programmed with a design that has no supported debug core(s) in it.
WARNING: [Labtools 27-3361] The debug hub core was not detected.
Resolution: 
1. Make sure the clock connected to the debug hub (dbg_hub) core is a free running clock and is active.
2. Make sure the BSCAN_SWITCH_USER_MASK device property in Vivado Hardware Manager reflects the user scan chain setting in the design and refresh the device.  To determine the user scan chain setting in the design, open the implemented design and use 'get_property C_USER_SCAN_CHAIN [get_debug_cores dbg_hub]'.
For more details on setting the scan chain property, consult the Vivado Debug and Programming User Guide (UG908).
set_property PROBES.FILE {} [get_hw_devices xc7a35t_0]
set_property FULL_PROBES.FILE {} [get_hw_devices xc7a35t_0]
set_property PROGRAM.FILE {C:/Users/denni/Desktop/EE2026 Project/EE2026 Dennis Improvement and Basic Features/SoundDisplay.runs/impl_1/Top_Student.bit} [get_hw_devices xc7a35t_0]
program_hw_devices [get_hw_devices xc7a35t_0]
INFO: [Labtools 27-3164] End of startup status: HIGH
refresh_hw_device [lindex [get_hw_devices xc7a35t_0] 0]
INFO: [Labtools 27-1434] Device xc7a35t (JTAG device index = 0) is programmed with a design that has no supported debug core(s) in it.
WARNING: [Labtools 27-3361] The debug hub core was not detected.
Resolution: 
1. Make sure the clock connected to the debug hub (dbg_hub) core is a free running clock and is active.
2. Make sure the BSCAN_SWITCH_USER_MASK device property in Vivado Hardware Manager reflects the user scan chain setting in the design and refresh the device.  To determine the user scan chain setting in the design, open the implemented design and use 'get_property C_USER_SCAN_CHAIN [get_debug_cores dbg_hub]'.
For more details on setting the scan chain property, consult the Vivado Debug and Programming User Guide (UG908).
reset_run synth_1
launch_runs impl_1 -to_step write_bitstream -jobs 4
[Wed Apr  6 12:57:16 2022] Launched synth_1...
Run output will be captured here: C:/Users/denni/Desktop/EE2026 Project/EE2026 Dennis Improvement and Basic Features/SoundDisplay.runs/synth_1/runme.log
[Wed Apr  6 12:57:16 2022] Launched impl_1...
Run output will be captured here: C:/Users/denni/Desktop/EE2026 Project/EE2026 Dennis Improvement and Basic Features/SoundDisplay.runs/impl_1/runme.log
set_property PROBES.FILE {} [get_hw_devices xc7a35t_0]
set_property FULL_PROBES.FILE {} [get_hw_devices xc7a35t_0]
set_property PROGRAM.FILE {C:/Users/denni/Desktop/EE2026 Project/EE2026 Dennis Improvement and Basic Features/SoundDisplay.runs/impl_1/Top_Student.bit} [get_hw_devices xc7a35t_0]
program_hw_devices [get_hw_devices xc7a35t_0]
INFO: [Labtools 27-3164] End of startup status: HIGH
refresh_hw_device [lindex [get_hw_devices xc7a35t_0] 0]
INFO: [Labtools 27-1434] Device xc7a35t (JTAG device index = 0) is programmed with a design that has no supported debug core(s) in it.
WARNING: [Labtools 27-3361] The debug hub core was not detected.
Resolution: 
1. Make sure the clock connected to the debug hub (dbg_hub) core is a free running clock and is active.
2. Make sure the BSCAN_SWITCH_USER_MASK device property in Vivado Hardware Manager reflects the user scan chain setting in the design and refresh the device.  To determine the user scan chain setting in the design, open the implemented design and use 'get_property C_USER_SCAN_CHAIN [get_debug_cores dbg_hub]'.
For more details on setting the scan chain property, consult the Vivado Debug and Programming User Guide (UG908).
reset_run synth_1
launch_runs impl_1 -to_step write_bitstream -jobs 4
[Wed Apr  6 13:15:52 2022] Launched synth_1...
Run output will be captured here: C:/Users/denni/Desktop/EE2026 Project/EE2026 Dennis Improvement and Basic Features/SoundDisplay.runs/synth_1/runme.log
[Wed Apr  6 13:15:52 2022] Launched impl_1...
Run output will be captured here: C:/Users/denni/Desktop/EE2026 Project/EE2026 Dennis Improvement and Basic Features/SoundDisplay.runs/impl_1/runme.log
set_property PROBES.FILE {} [get_hw_devices xc7a35t_0]
set_property FULL_PROBES.FILE {} [get_hw_devices xc7a35t_0]
set_property PROGRAM.FILE {C:/Users/denni/Desktop/EE2026 Project/EE2026 Dennis Improvement and Basic Features/SoundDisplay.runs/impl_1/Top_Student.bit} [get_hw_devices xc7a35t_0]
program_hw_devices [get_hw_devices xc7a35t_0]
INFO: [Labtools 27-3164] End of startup status: HIGH
refresh_hw_device [lindex [get_hw_devices xc7a35t_0] 0]
INFO: [Labtools 27-1434] Device xc7a35t (JTAG device index = 0) is programmed with a design that has no supported debug core(s) in it.
WARNING: [Labtools 27-3361] The debug hub core was not detected.
Resolution: 
1. Make sure the clock connected to the debug hub (dbg_hub) core is a free running clock and is active.
2. Make sure the BSCAN_SWITCH_USER_MASK device property in Vivado Hardware Manager reflects the user scan chain setting in the design and refresh the device.  To determine the user scan chain setting in the design, open the implemented design and use 'get_property C_USER_SCAN_CHAIN [get_debug_cores dbg_hub]'.
For more details on setting the scan chain property, consult the Vivado Debug and Programming User Guide (UG908).
archive_project {C:/Users/denni/Desktop/S1_07_Dennis Wong Guan Ming_Shin Donghun_Archive.xpr.zip} -temp_dir {C:/Users/denni/Desktop/EE2026 Project/EE2026 Dennis Improvement and Basic Features/.Xil/Vivado-25012-DESKTOP-LGI8I86} -force -include_local_ip_cache
INFO: [Coretcl 2-137] starting archive...
INFO: [Coretcl 2-1499] Saving project copy to temporary location 'C:/Users/denni/Desktop/EE2026 Project/EE2026 Dennis Improvement and Basic Features/.Xil/Vivado-25012-DESKTOP-LGI8I86' for archiving project
INFO: [ProjectBase 1-489] The host OS only allows 260 characters in a normal path. The project is stored in a path with more than 80 characters. If you experience issues with IP, Block Designs, or files not being found, please consider moving the project to a location with a shorter path. Alternately consider using the OS subst command to map part of the path to a drive letter.
Current project path is 'C:/Users/denni/Desktop/EE2026 Project/EE2026 Dennis Improvement and Basic Features'
CRITICAL WARNING: [Project 1-19] Could not find the file 'C:/Users/denni/Desktop/EE2026 Project/EE2026 Digital Design/EE2026 Labs/LAB Project/7_Segment_Display_Controller/7_Segment_Display_Controller.srcs/sources_1/new/BCD_control.v'.
CRITICAL WARNING: [Project 1-19] Could not find the file 'C:/Users/denni/Desktop/EE2026 Project/EE2026 Digital Design/EE2026 Labs/LAB Project/7_Segment_Display_Controller/7_Segment_Display_Controller.srcs/sources_1/new/BCD_to_Cathodez.v'.
CRITICAL WARNING: [Project 1-19] Could not find the file 'C:/Users/denni/Desktop/EE2026 Project/EE2026 Digital Design/EE2026 Labs/LAB Project/7_Segment_Display_Controller/7_Segment_Display_Controller.srcs/sources_1/new/anode_control.v'.
CRITICAL WARNING: [Project 1-19] Could not find the file 'C:/Users/denni/Desktop/EE2026 Project/EE2026 Digital Design/EE2026 Labs/LAB Project/7_Segment_Display_Controller/7_Segment_Display_Controller.srcs/sources_1/new/clock_divider.v'.
CRITICAL WARNING: [Project 1-19] Could not find the file 'C:/Users/denni/Desktop/EE2026 Project/EE2026 Digital Design/EE2026 Labs/LAB Project/7_Segment_Display_Controller/7_Segment_Display_Controller.srcs/sources_1/new/refreshcounter.v'.
CRITICAL WARNING: [Project 1-19] Could not find the file 'C:/Users/denni/Desktop/EE2026 Project/EE2026 Digital Design/EE2026 Labs/LAB Project/7_Segment_Display_Controller/7_Segment_Display_Controller.srcs/sources_1/new/top_student.v'.
Scanning sources...
Finished scanning sources
INFO: [Coretcl 2-1211] Creating project copy for archival...
INFO: [ProjectBase 1-495] The host OS only allows 260 characters in a normal path. The project is stored in a path with more than 80 characters. If you experience any problem with archiving the project, please consider setting environment variable $TEMP to a shorter path.
Current project path is 'C:/Users/denni/Desktop/EE2026 Project/EE2026 Dennis Improvement and Basic Features/.Xil/Vivado-25012-DESKTOP-LGI8I86/PrjAr/_X_'.
INFO: [Coretcl 2-1213] Including run results for 'synth_1'
INFO: [Coretcl 2-1213] Including run results for 'impl_1'
INFO: [Coretcl 2-1212] Importing remotely added design sources and verilog include files (if any)...
INFO: [filemgmt 20-334] All file(s) are already imported in fileset: 'constrs_1'
INFO: [filemgmt 20-348] Importing the appropriate files for fileset: 'constrs_1'
INFO: [filemgmt 20-334] All file(s) are already imported in fileset: 'sim_1'
INFO: [filemgmt 20-348] Importing the appropriate files for fileset: 'sim_1'
INFO: [filemgmt 20-348] Importing the appropriate files for fileset: 'sources_1'
WARNING: [filemgmt 20-342] File / dir doesn't exist, skipping: C:/Users/denni/Desktop/EE2026 Project/EE2026 Digital Design/EE2026 Labs/LAB Project/7_Segment_Display_Controller/7_Segment_Display_Controller.srcs/sources_1/new/BCD_control.v
WARNING: [filemgmt 20-342] File / dir doesn't exist, skipping: C:/Users/denni/Desktop/EE2026 Project/EE2026 Digital Design/EE2026 Labs/LAB Project/7_Segment_Display_Controller/7_Segment_Display_Controller.srcs/sources_1/new/BCD_to_Cathodez.v
WARNING: [filemgmt 20-342] File / dir doesn't exist, skipping: C:/Users/denni/Desktop/EE2026 Project/EE2026 Digital Design/EE2026 Labs/LAB Project/7_Segment_Display_Controller/7_Segment_Display_Controller.srcs/sources_1/new/anode_control.v
WARNING: [filemgmt 20-342] File / dir doesn't exist, skipping: C:/Users/denni/Desktop/EE2026 Project/EE2026 Digital Design/EE2026 Labs/LAB Project/7_Segment_Display_Controller/7_Segment_Display_Controller.srcs/sources_1/new/clock_divider.v
WARNING: [filemgmt 20-342] File / dir doesn't exist, skipping: C:/Users/denni/Desktop/EE2026 Project/EE2026 Digital Design/EE2026 Labs/LAB Project/7_Segment_Display_Controller/7_Segment_Display_Controller.srcs/sources_1/new/refreshcounter.v
WARNING: [filemgmt 20-342] File / dir doesn't exist, skipping: C:/Users/denni/Desktop/EE2026 Project/EE2026 Digital Design/EE2026 Labs/LAB Project/7_Segment_Display_Controller/7_Segment_Display_Controller.srcs/sources_1/new/top_student.v
