#-----------------------------------------------------------
# Vivado v2018.2 (64-bit)
# SW Build 2258646 on Thu Jun 14 20:03:12 MDT 2018
# IP Build 2256618 on Thu Jun 14 22:10:49 MDT 2018
# Start of session at: Fri Apr  8 20:09:55 2022
# Process ID: 11312
# Current directory: C:/Users/denni/Desktop/Testing Folder/SoundDisplay
# Command line: vivado.exe -gui_launcher_event rodinguilauncherevent7488 C:\Users\denni\Desktop\Testing Folder\SoundDisplay\SoundDisplay.xpr
# Log file: C:/Users/denni/Desktop/Testing Folder/SoundDisplay/vivado.log
# Journal file: C:/Users/denni/Desktop/Testing Folder/SoundDisplay\vivado.jou
#-----------------------------------------------------------
start_gui
open_project {C:/Users/denni/Desktop/Testing Folder/SoundDisplay/SoundDisplay.xpr}
INFO: [Project 1-313] Project file moved from 'C:/Users/denni/Desktop/EE2026 Project/EE2026 Dennis Improvement and Basic Features/.Xil/Vivado-25012-DESKTOP-LGI8I86/PrjAr/_X_' since last save.
CRITICAL WARNING: [Project 1-311] Could not find the file 'C:/EE2026 Digital Design/EE2026 Labs/LAB Project/7_Segment_Display_Controller/7_Segment_Display_Controller.srcs/sources_1/new/BCD_control.v', nor could it be found using path 'C:/Users/denni/Desktop/EE2026 Project/EE2026 Digital Design/EE2026 Labs/LAB Project/7_Segment_Display_Controller/7_Segment_Display_Controller.srcs/sources_1/new/BCD_control.v'.
CRITICAL WARNING: [Project 1-311] Could not find the file 'C:/EE2026 Digital Design/EE2026 Labs/LAB Project/7_Segment_Display_Controller/7_Segment_Display_Controller.srcs/sources_1/new/BCD_to_Cathodez.v', nor could it be found using path 'C:/Users/denni/Desktop/EE2026 Project/EE2026 Digital Design/EE2026 Labs/LAB Project/7_Segment_Display_Controller/7_Segment_Display_Controller.srcs/sources_1/new/BCD_to_Cathodez.v'.
CRITICAL WARNING: [Project 1-311] Could not find the file 'C:/EE2026 Digital Design/EE2026 Labs/LAB Project/7_Segment_Display_Controller/7_Segment_Display_Controller.srcs/sources_1/new/anode_control.v', nor could it be found using path 'C:/Users/denni/Desktop/EE2026 Project/EE2026 Digital Design/EE2026 Labs/LAB Project/7_Segment_Display_Controller/7_Segment_Display_Controller.srcs/sources_1/new/anode_control.v'.
CRITICAL WARNING: [Project 1-311] Could not find the file 'C:/EE2026 Digital Design/EE2026 Labs/LAB Project/7_Segment_Display_Controller/7_Segment_Display_Controller.srcs/sources_1/new/clock_divider.v', nor could it be found using path 'C:/Users/denni/Desktop/EE2026 Project/EE2026 Digital Design/EE2026 Labs/LAB Project/7_Segment_Display_Controller/7_Segment_Display_Controller.srcs/sources_1/new/clock_divider.v'.
CRITICAL WARNING: [Project 1-311] Could not find the file 'C:/EE2026 Digital Design/EE2026 Labs/LAB Project/7_Segment_Display_Controller/7_Segment_Display_Controller.srcs/sources_1/new/refreshcounter.v', nor could it be found using path 'C:/Users/denni/Desktop/EE2026 Project/EE2026 Digital Design/EE2026 Labs/LAB Project/7_Segment_Display_Controller/7_Segment_Display_Controller.srcs/sources_1/new/refreshcounter.v'.
CRITICAL WARNING: [Project 1-311] Could not find the file 'C:/EE2026 Digital Design/EE2026 Labs/LAB Project/7_Segment_Display_Controller/7_Segment_Display_Controller.srcs/sources_1/new/top_student.v', nor could it be found using path 'C:/Users/denni/Desktop/EE2026 Project/EE2026 Digital Design/EE2026 Labs/LAB Project/7_Segment_Display_Controller/7_Segment_Display_Controller.srcs/sources_1/new/top_student.v'.
Scanning sources...
Finished scanning sources
INFO: [IP_Flow 19-234] Refreshing IP repositories
INFO: [IP_Flow 19-1704] No user IP repositories specified
INFO: [IP_Flow 19-2313] Loaded Vivado IP repository 'C:/Users/denni/Vivado/2018.2/data/ip'.
open_project: Time (s): cpu = 00:00:13 ; elapsed = 00:00:07 . Memory (MB): peak = 871.805 ; gain = 148.656
update_compile_order -fileset sources_1
open_hw
connect_hw_server
INFO: [Labtools 27-2285] Connecting to hw_server url TCP:localhost:3121
INFO: [Labtools 27-2222] Launching hw_server...
INFO: [Labtools 27-2221] Launch Output:

****** Xilinx hw_server v2018.2
  **** Build date : Jun 14 2018-20:42:52
    ** Copyright 1986-2018 Xilinx, Inc. All Rights Reserved.


open_hw_target
INFO: [Labtoolstcl 44-466] Opening hw_target localhost:3121/xilinx_tcf/Digilent/210183AA0CB3A
set_property PROGRAM.FILE {C:/Users/denni/Desktop/Testing Folder/SoundDisplay/SoundDisplay.runs/impl_1/Top_Student.bit} [get_hw_devices xc7a35t_0]
current_hw_device [get_hw_devices xc7a35t_0]
refresh_hw_device -update_hw_probes false [lindex [get_hw_devices xc7a35t_0] 0]
INFO: [Labtools 27-1434] Device xc7a35t (JTAG device index = 0) is programmed with a design that has no supported debug core(s) in it.
WARNING: [Labtools 27-3361] The debug hub core was not detected.
Resolution: 
1. Make sure the clock connected to the debug hub (dbg_hub) core is a free running clock and is active.
2. Make sure the BSCAN_SWITCH_USER_MASK device property in Vivado Hardware Manager reflects the user scan chain setting in the design and refresh the device.  To determine the user scan chain setting in the design, open the implemented design and use 'get_property C_USER_SCAN_CHAIN [get_debug_cores dbg_hub]'.
For more details on setting the scan chain property, consult the Vivado Debug and Programming User Guide (UG908).
set_property PROBES.FILE {} [get_hw_devices xc7a35t_0]
set_property FULL_PROBES.FILE {} [get_hw_devices xc7a35t_0]
set_property PROGRAM.FILE {C:/Users/denni/Desktop/Testing Folder/SoundDisplay/SoundDisplay.runs/impl_1/Top_Student.bit} [get_hw_devices xc7a35t_0]
program_hw_devices [get_hw_devices xc7a35t_0]
INFO: [Labtools 27-3164] End of startup status: HIGH
refresh_hw_device [lindex [get_hw_devices xc7a35t_0] 0]
INFO: [Labtools 27-1434] Device xc7a35t (JTAG device index = 0) is programmed with a design that has no supported debug core(s) in it.
WARNING: [Labtools 27-3361] The debug hub core was not detected.
Resolution: 
1. Make sure the clock connected to the debug hub (dbg_hub) core is a free running clock and is active.
2. Make sure the BSCAN_SWITCH_USER_MASK device property in Vivado Hardware Manager reflects the user scan chain setting in the design and refresh the device.  To determine the user scan chain setting in the design, open the implemented design and use 'get_property C_USER_SCAN_CHAIN [get_debug_cores dbg_hub]'.
For more details on setting the scan chain property, consult the Vivado Debug and Programming User Guide (UG908).
close_hw
reset_run synth_1
launch_runs impl_1 -to_step write_bitstream -jobs 4
[Fri Apr  8 20:57:48 2022] Launched synth_1...
Run output will be captured here: C:/Users/denni/Desktop/Testing Folder/SoundDisplay/SoundDisplay.runs/synth_1/runme.log
[Fri Apr  8 20:57:48 2022] Launched impl_1...
Run output will be captured here: C:/Users/denni/Desktop/Testing Folder/SoundDisplay/SoundDisplay.runs/impl_1/runme.log
open_hw
connect_hw_server
INFO: [Labtools 27-2285] Connecting to hw_server url TCP:localhost:3121
INFO: [Labtools 27-2222] Launching hw_server...
INFO: [Labtools 27-2221] Launch Output:

****** Xilinx hw_server v2018.2
  **** Build date : Jun 14 2018-20:42:52
    ** Copyright 1986-2018 Xilinx, Inc. All Rights Reserved.


open_hw_target
INFO: [Labtoolstcl 44-466] Opening hw_target localhost:3121/xilinx_tcf/Digilent/210183AA0CB3A
set_property PROGRAM.FILE {C:/Users/denni/Desktop/Testing Folder/SoundDisplay/SoundDisplay.runs/impl_1/Top_Student.bit} [get_hw_devices xc7a35t_0]
current_hw_device [get_hw_devices xc7a35t_0]
refresh_hw_device -update_hw_probes false [lindex [get_hw_devices xc7a35t_0] 0]
INFO: [Labtools 27-1434] Device xc7a35t (JTAG device index = 0) is programmed with a design that has no supported debug core(s) in it.
WARNING: [Labtools 27-3361] The debug hub core was not detected.
Resolution: 
1. Make sure the clock connected to the debug hub (dbg_hub) core is a free running clock and is active.
2. Make sure the BSCAN_SWITCH_USER_MASK device property in Vivado Hardware Manager reflects the user scan chain setting in the design and refresh the device.  To determine the user scan chain setting in the design, open the implemented design and use 'get_property C_USER_SCAN_CHAIN [get_debug_cores dbg_hub]'.
For more details on setting the scan chain property, consult the Vivado Debug and Programming User Guide (UG908).
set_property PROBES.FILE {} [get_hw_devices xc7a35t_0]
set_property FULL_PROBES.FILE {} [get_hw_devices xc7a35t_0]
set_property PROGRAM.FILE {C:/Users/denni/Desktop/Testing Folder/SoundDisplay/SoundDisplay.runs/impl_1/Top_Student.bit} [get_hw_devices xc7a35t_0]
program_hw_devices [get_hw_devices xc7a35t_0]
INFO: [Labtools 27-3164] End of startup status: HIGH
refresh_hw_device [lindex [get_hw_devices xc7a35t_0] 0]
INFO: [Labtools 27-1434] Device xc7a35t (JTAG device index = 0) is programmed with a design that has no supported debug core(s) in it.
WARNING: [Labtools 27-3361] The debug hub core was not detected.
Resolution: 
1. Make sure the clock connected to the debug hub (dbg_hub) core is a free running clock and is active.
2. Make sure the BSCAN_SWITCH_USER_MASK device property in Vivado Hardware Manager reflects the user scan chain setting in the design and refresh the device.  To determine the user scan chain setting in the design, open the implemented design and use 'get_property C_USER_SCAN_CHAIN [get_debug_cores dbg_hub]'.
For more details on setting the scan chain property, consult the Vivado Debug and Programming User Guide (UG908).
reset_run synth_1
launch_runs impl_1 -to_step write_bitstream -jobs 4
[Fri Apr  8 21:11:55 2022] Launched synth_1...
Run output will be captured here: C:/Users/denni/Desktop/Testing Folder/SoundDisplay/SoundDisplay.runs/synth_1/runme.log
[Fri Apr  8 21:11:55 2022] Launched impl_1...
Run output will be captured here: C:/Users/denni/Desktop/Testing Folder/SoundDisplay/SoundDisplay.runs/impl_1/runme.log
reset_run synth_1
launch_runs impl_1 -to_step write_bitstream -jobs 4
[Fri Apr  8 21:18:00 2022] Launched synth_1...
Run output will be captured here: C:/Users/denni/Desktop/Testing Folder/SoundDisplay/SoundDisplay.runs/synth_1/runme.log
[Fri Apr  8 21:18:00 2022] Launched impl_1...
Run output will be captured here: C:/Users/denni/Desktop/Testing Folder/SoundDisplay/SoundDisplay.runs/impl_1/runme.log
set_property PROBES.FILE {} [get_hw_devices xc7a35t_0]
set_property FULL_PROBES.FILE {} [get_hw_devices xc7a35t_0]
set_property PROGRAM.FILE {C:/Users/denni/Desktop/Testing Folder/SoundDisplay/SoundDisplay.runs/impl_1/Top_Student.bit} [get_hw_devices xc7a35t_0]
program_hw_devices [get_hw_devices xc7a35t_0]
INFO: [Labtools 27-3164] End of startup status: HIGH
refresh_hw_device [lindex [get_hw_devices xc7a35t_0] 0]
INFO: [Labtools 27-1434] Device xc7a35t (JTAG device index = 0) is programmed with a design that has no supported debug core(s) in it.
WARNING: [Labtools 27-3361] The debug hub core was not detected.
Resolution: 
1. Make sure the clock connected to the debug hub (dbg_hub) core is a free running clock and is active.
2. Make sure the BSCAN_SWITCH_USER_MASK device property in Vivado Hardware Manager reflects the user scan chain setting in the design and refresh the device.  To determine the user scan chain setting in the design, open the implemented design and use 'get_property C_USER_SCAN_CHAIN [get_debug_cores dbg_hub]'.
For more details on setting the scan chain property, consult the Vivado Debug and Programming User Guide (UG908).
ERROR: [Labtoolstcl 44-513] HW Target shutdown. Closing target: localhost:3121/xilinx_tcf/Digilent/210183AA0CB3A
exit
INFO: [Common 17-206] Exiting Vivado at Sat Apr  9 01:36:41 2022...
