#-----------------------------------------------------------
# Vivado v2018.2 (64-bit)
# SW Build 2258646 on Thu Jun 14 20:03:12 MDT 2018
# IP Build 2256618 on Thu Jun 14 22:10:49 MDT 2018
# Start of session at: Sat Apr  9 01:37:14 2022
# Process ID: 12120
# Current directory: C:/Users/denni/Desktop/Testing Folder/SoundDisplay
# Command line: vivado.exe -gui_launcher_event rodinguilauncherevent15632 C:\Users\denni\Desktop\Testing Folder\SoundDisplay\SoundDisplay.xpr
# Log file: C:/Users/denni/Desktop/Testing Folder/SoundDisplay/vivado.log
# Journal file: C:/Users/denni/Desktop/Testing Folder/SoundDisplay\vivado.jou
#-----------------------------------------------------------
start_gui
open_project {C:/Users/denni/Desktop/Testing Folder/SoundDisplay/SoundDisplay.xpr}
CRITICAL WARNING: [Project 1-19] Could not find the file 'C:/EE2026 Digital Design/EE2026 Labs/LAB Project/7_Segment_Display_Controller/7_Segment_Display_Controller.srcs/sources_1/new/BCD_control.v'.
CRITICAL WARNING: [Project 1-19] Could not find the file 'C:/EE2026 Digital Design/EE2026 Labs/LAB Project/7_Segment_Display_Controller/7_Segment_Display_Controller.srcs/sources_1/new/BCD_to_Cathodez.v'.
CRITICAL WARNING: [Project 1-19] Could not find the file 'C:/EE2026 Digital Design/EE2026 Labs/LAB Project/7_Segment_Display_Controller/7_Segment_Display_Controller.srcs/sources_1/new/anode_control.v'.
CRITICAL WARNING: [Project 1-19] Could not find the file 'C:/EE2026 Digital Design/EE2026 Labs/LAB Project/7_Segment_Display_Controller/7_Segment_Display_Controller.srcs/sources_1/new/clock_divider.v'.
CRITICAL WARNING: [Project 1-19] Could not find the file 'C:/EE2026 Digital Design/EE2026 Labs/LAB Project/7_Segment_Display_Controller/7_Segment_Display_Controller.srcs/sources_1/new/refreshcounter.v'.
CRITICAL WARNING: [Project 1-19] Could not find the file 'C:/EE2026 Digital Design/EE2026 Labs/LAB Project/7_Segment_Display_Controller/7_Segment_Display_Controller.srcs/sources_1/new/top_student.v'.
Scanning sources...
Finished scanning sources
INFO: [IP_Flow 19-234] Refreshing IP repositories
INFO: [IP_Flow 19-1704] No user IP repositories specified
INFO: [IP_Flow 19-2313] Loaded Vivado IP repository 'C:/Users/denni/Vivado/2018.2/data/ip'.
open_project: Time (s): cpu = 00:00:11 ; elapsed = 00:00:05 . Memory (MB): peak = 889.785 ; gain = 142.547
update_compile_order -fileset sources_1
exit
INFO: [Common 17-206] Exiting Vivado at Sat Apr  9 01:37:51 2022...
